2025.07.14 09:49:46 INFO  Started: Metals version 1.6.0 in folders '/Users/tannabaybay/Desktop/learning-scala' for client Visual Studio Code 1.102.0.[0m
2025.07.14 09:49:57 INFO  no build target found for /Users/tannabaybay/Desktop/learning-scala/src/main/scala/lectures/Functions.scala. Using presentation compiler with project's scala-library version: 3.3.6[0m
2025.07.14 09:49:57 INFO  no build target found for /Users/tannabaybay/Desktop/learning-scala/src/main/scala/lectures/Functions.scala. Using presentation compiler with project's scala-library version: 3.3.6[0m
2025.07.14 09:50:07 INFO  no build target found for /Users/tannabaybay/Desktop/learning-scala/src/main/scala/lectures/Functions.scala. Using presentation compiler with project's scala-library version: 3.3.6[0m
2025.07.14 09:50:17 INFO  no build target found for /Users/tannabaybay/Desktop/learning-scala/src/main/scala/lectures/Functions.scala. Using presentation compiler with project's scala-library version: 3.3.6[0m
Jul 14, 2025 10:05:05 N’ỤTỤTỤ org.eclipse.lsp4j.jsonrpc.services.GenericEndpoint notify
INFO: Unsupported notification method: $/setTrace
2025.07.14 10:40:07 INFO  no build target found for /Users/tannabaybay/Desktop/learning-scala/src/main/scala/lectures/Functions.scala. Using presentation compiler with project's scala-library version: 3.3.6[0m
2025.07.14 10:48:29 INFO  Shutting down server[0m
2025.07.14 10:48:29 INFO  shutting down Metals[0m
2025.07.14 10:48:29 INFO  Exiting server[0m
2025.07.14 10:48:29 ERROR Unexpected error initializing server: 
org.eclipse.lsp4j.jsonrpc.ResponseErrorException: Request window/showMessageRequest failed with message: Canceled
	at org.eclipse.lsp4j.jsonrpc.RemoteEndpoint.handleResponse(RemoteEndpoint.java:220)
	at org.eclipse.lsp4j.jsonrpc.RemoteEndpoint.consume(RemoteEndpoint.java:204)
	at org.eclipse.lsp4j.jsonrpc.json.StreamMessageProducer.handleMessage(StreamMessageProducer.java:185)
	at org.eclipse.lsp4j.jsonrpc.json.StreamMessageProducer.listen(StreamMessageProducer.java:97)
	at org.eclipse.lsp4j.jsonrpc.json.ConcurrentMessageProcessor.run(ConcurrentMessageProcessor.java:114)
	at java.util.concurrent.Executors$RunnableAdapter.call(Executors.java:545)
	at java.util.concurrent.FutureTask.run(FutureTask.java:328)
	at java.util.concurrent.ThreadPoolExecutor.runWorker(ThreadPoolExecutor.java:1095)
	at java.util.concurrent.ThreadPoolExecutor$Worker.run(ThreadPoolExecutor.java:619)
	at java.lang.Thread.run(Thread.java:1447)
[0m
